############################################
### Ingestion Program
############################################

[*] Loading Train data
[*] Loading Test data
[*] Initializing submitted model
[*] Calling fit method of submitted model
[*] - Generating Validation sets
Tau energy rescaling : 0.99
Tau energy rescaling : 0.92
Tau energy rescaling : 0.98
Tau energy rescaling : 0.92
Tau energy rescaling : 1.02
Tau energy rescaling : 1.05
Tau energy rescaling : 0.98
Tau energy rescaling : 0.97
Tau energy rescaling : 1.08
Tau energy rescaling : 0.95
[*] - Intialize BDT
[*] - Train Neural Network
[*] - Intialize BDT
[*] --- Training Model
[*] --- Fitting Model
sum of signal 2860861.8102000006
sum of background 2860861.8102000006
[*] --- Predicting Train set
[*] --- scoring Train set
[*] --- AUC train : 0.859425027714339
[*] Choose best theta

[*] --- nu_roi: 2870527.8620537138 --- beta_roi: 2860861.8102000006 --- gamma_roi: 9666.051853713998 --- sigma squared: 0.0307229932479844

[*] --- nu_roi: 2865371.073097687 --- beta_roi: 2855706.954279519 --- gamma_roi: 9664.118818167484 --- sigma squared: 0.03068007030582854

[*] --- nu_roi: 1968818.6558235432 --- beta_roi: 1959795.8825401403 --- gamma_roi: 9022.773283402761 --- sigma squared: 0.024183860336261388

[*] --- nu_roi: 1169158.9355642495 --- beta_roi: 1161070.6283555555 --- gamma_roi: 8088.307208694311 --- sigma squared: 0.017871387714605714

[*] --- nu_roi: 744885.3028298499 --- beta_roi: 737581.8690811865 --- gamma_roi: 7303.433748663377 --- sigma squared: 0.013964815984609495

[*] --- nu_roi: 484535.02703982685 --- beta_roi: 477949.77465676935 --- gamma_roi: 6585.252383057466 --- sigma squared: 0.011173270920991563

[*] --- nu_roi: 307116.71760529105 --- beta_roi: 301258.3959340228 --- gamma_roi: 5858.321671268195 --- sigma squared: 0.008948639828602575

[*] --- nu_roi: 182667.7556661425 --- beta_roi: 177635.67533236515 --- gamma_roi: 5032.0803337773705 --- sigma squared: 0.007213844249625355

[*] --- nu_roi: 94789.07437883249 --- beta_roi: 90730.38655531184 --- gamma_roi: 4058.6878235206436 --- sigma squared: 0.0057542269303059055

[*] --- nu_roi: 30289.465703522757 --- beta_roi: 27835.251488897797 --- gamma_roi: 2454.214214624965 --- sigma squared: 0.005028826800806133
[*] --- Best theta : 0.95
[*] - Computing Validation result

[*] --- AUC validation : 0.8260823388199666 --- tes : 0.99
[*] --- nu_roi: 6091.244755524833 --- n_roi: 8223.601550476778 --- beta_roi: 4641.896360491384 --- gamma_roi: 1449.348395033448
[*] --- mu: 1.0 --- mu_hat: 2.4713 --- delta_mu_hat: 1.4713

[*] --- AUC validation : 0.8260823388199666 --- tes : 0.92
[*] --- nu_roi: 6091.244755524833 --- n_roi: 8223.601550476778 --- beta_roi: 4641.896360491384 --- gamma_roi: 1449.348395033448
[*] --- mu: 1.0 --- mu_hat: 2.4713 --- delta_mu_hat: 1.4713

[*] --- AUC validation : 0.8260823388199666 --- tes : 0.98
[*] --- nu_roi: 6091.244755524833 --- n_roi: 8223.601550476778 --- beta_roi: 4641.896360491384 --- gamma_roi: 1449.348395033448
[*] --- mu: 1.0 --- mu_hat: 2.4713 --- delta_mu_hat: 1.4713

[*] --- AUC validation : 0.8260823388199666 --- tes : 0.92
[*] --- nu_roi: 6091.244755524833 --- n_roi: 8223.601550476778 --- beta_roi: 4641.896360491384 --- gamma_roi: 1449.348395033448
[*] --- mu: 1.0 --- mu_hat: 2.4713 --- delta_mu_hat: 1.4713

[*] --- AUC validation : 0.8260823388199666 --- tes : 1.02
[*] --- nu_roi: 6091.244755524833 --- n_roi: 8223.601550476778 --- beta_roi: 4641.896360491384 --- gamma_roi: 1449.348395033448
[*] --- mu: 1.0 --- mu_hat: 2.4713 --- delta_mu_hat: 1.4713

[*] --- AUC validation : 0.8260823388199666 --- tes : 1.05
[*] --- nu_roi: 6091.244755524833 --- n_roi: 8223.601550476778 --- beta_roi: 4641.896360491384 --- gamma_roi: 1449.348395033448
[*] --- mu: 1.0 --- mu_hat: 2.4713 --- delta_mu_hat: 1.4713

[*] --- AUC validation : 0.8260823388199666 --- tes : 0.98
[*] --- nu_roi: 6091.244755524833 --- n_roi: 8223.601550476778 --- beta_roi: 4641.896360491384 --- gamma_roi: 1449.348395033448
[*] --- mu: 1.0 --- mu_hat: 2.4713 --- delta_mu_hat: 1.4713

[*] --- AUC validation : 0.8260823388199666 --- tes : 0.97
[*] --- nu_roi: 6091.244755524833 --- n_roi: 8223.601550476778 --- beta_roi: 4641.896360491384 --- gamma_roi: 1449.348395033448
[*] --- mu: 1.0 --- mu_hat: 2.4713 --- delta_mu_hat: 1.4713

[*] --- AUC validation : 0.8260823388199666 --- tes : 1.08
[*] --- nu_roi: 6091.244755524833 --- n_roi: 8223.601550476778 --- beta_roi: 4641.896360491384 --- gamma_roi: 1449.348395033448
[*] --- mu: 1.0 --- mu_hat: 2.4713 --- delta_mu_hat: 1.4713

[*] --- AUC validation : 0.8260823388199666 --- tes : 0.95
[*] --- nu_roi: 6091.244755524833 --- n_roi: 8223.601550476778 --- beta_roi: 4641.896360491384 --- gamma_roi: 1449.348395033448
[*] --- mu: 1.0 --- mu_hat: 2.4713 --- delta_mu_hat: 1.4713
[*] --- delta_mu_hat (avg): 1.4713
[*] Calling predict method of submitted model
[*] - Testing
[*] - Computing Test result

[*] --- AUC test : 0.8508100509035701
[*] --- signal: 1455.582519941964 --- background: 8096.644441319791
[*] --- Significance : 14.893079751529562
[*] --- delta_mu_stat : 0.06714527932997183
[*] --- mu_hat: 3.388

[*] --- AUC test : 0.8522658083943382
[*] --- signal: 1456.817408229113 --- background: 10656.122897447203
[*] --- Significance : 13.236718528828485
[*] --- delta_mu_stat : 0.07554742497712573
[*] --- mu_hat: 5.1548

[*] --- AUC test : 0.8552296903431706
[*] --- signal: 1420.6142094388942 --- background: 6394.624647195604
[*] --- Significance : 16.069598513040987
[*] --- delta_mu_stat : 0.06222930829220584
[*] --- mu_hat: 2.1895

[*] --- AUC test : 0.8591739525335195
[*] --- signal: 1434.3569724638578 --- background: 4199.974794426316
[*] --- Significance : 19.1089155395819
[*] --- delta_mu_stat : 0.05233159348727122
[*] --- mu_hat: 0.6847

[*] --- AUC test : 0.846462026854068
[*] --- signal: 1402.682050796699 --- background: 6511.1012992823835
[*] --- Significance : 15.767656901361814
[*] --- delta_mu_stat : 0.06342096395524896
[*] --- mu_hat: 2.2575

[*] --- AUC test : 0.8538206777658635
[*] --- signal: 1447.8689015066257 --- background: 2747.1255044192217
[*] --- Significance : 22.354427246130033
[*] --- delta_mu_stat : 0.04473386810539369
[*] --- mu_hat: -0.3083

[*] --- AUC test : 0.8537915247613189
[*] --- signal: 1438.5074968578392 --- background: 6343.35676347717
[*] --- Significance : 16.306858549937644
[*] --- delta_mu_stat : 0.061323890002334264
[*] --- mu_hat: 2.1665

[*] --- AUC test : 0.8621967875066622
[*] --- signal: 1432.6040436003968 --- background: 1320.1743233230186
[*] --- Significance : 27.304897420567595
[*] --- delta_mu_stat : 0.03662346664766238
[*] --- mu_hat: -1.3034

[*] --- AUC test : 0.8479292207629632
[*] --- signal: 1486.6243037961265 --- background: 9515.250618766151
[*] --- Significance : 14.173198737608981
[*] --- delta_mu_stat : 0.07055570295126617
[*] --- mu_hat: 4.3882

[*] --- AUC test : 0.8597582023880073
[*] --- signal: 1512.57717903928 --- background: 3949.6560467528666
[*] --- Significance : 20.46597427402344
[*] --- delta_mu_stat : 0.048861587853613976
[*] --- mu_hat: 0.566


[*] Saving result
[*] --- delta_mu_hat: 1.4712520483404787
[*] --- mu_hats (avg): 1.918331224738068

---------------------------------
[✔] Total duration: 0:00:24.296857
---------------------------------

----------------------------------------------
[✔] Ingestions Program executed successfully!
----------------------------------------------


############################################
### Ingestion Program
############################################

[*] Loading Train data
[*] Loading Test data
[*] Initializing submitted model
[*] Calling fit method of submitted model
[*] - Generating Validation sets
Tau energy rescaling : 1.0
[*] --- shape of valid_with_systematics : (50717, 32)
Tau energy rescaling : 1.09
[*] --- shape of valid_with_systematics : (50717, 32)
Tau energy rescaling : 1.09
[*] --- shape of valid_with_systematics : (50717, 32)
Tau energy rescaling : 0.95
[*] --- shape of valid_with_systematics : (50717, 32)
Tau energy rescaling : 0.98
[*] --- shape of valid_with_systematics : (50717, 32)
Tau energy rescaling : 1.1
[*] --- shape of valid_with_systematics : (50717, 32)
Tau energy rescaling : 0.94
[*] --- shape of valid_with_systematics : (50717, 32)
Tau energy rescaling : 0.93
[*] --- shape of valid_with_systematics : (50717, 32)
Tau energy rescaling : 0.96
[*] --- shape of valid_with_systematics : (50717, 32)
Tau energy rescaling : 0.94
[*] --- shape of valid_with_systematics : (50717, 32)
[*] - Intialize BDT
[*] - Train Neural Network
[*] - Intialize BDT
[*] --- Training Model
[*] --- Fitting Model
sum of signal 2860861.8102
sum of background 2860861.8102000006
[*] --- Predicting Train set
[*] --- AUC train : 0.8587963262286198
[*] Choose best theta

[*] --- nu_roi: 2870527.8620537147 --- beta_roi: 2860861.8101999997 --- gamma_roi: 9666.051853714 --- sigma squared: 0.0307229932479844

[*] --- nu_roi: 2864414.3326095687 --- beta_roi: 2854750.7016238617 --- gamma_roi: 9663.630985707543 --- sigma squared: 0.030672922886699868

[*] --- nu_roi: 2053679.442032807 --- beta_roi: 2044525.8916124399 --- gamma_roi: 9153.55042036575 --- sigma squared: 0.02451057499487296

[*] --- nu_roi: 1313816.4190557348 --- beta_roi: 1305425.7785334124 --- gamma_roi: 8390.640522323225 --- sigma squared: 0.018661410005181286

[*] --- nu_roi: 902700.7992579524 --- beta_roi: 894940.2966421416 --- gamma_roi: 7760.502615810915 --- sigma squared: 0.014988705538152207

[*] --- nu_roi: 615932.0526830032 --- beta_roi: 608823.482350117 --- gamma_roi: 7108.570332886104 --- sigma squared: 0.012189005572936897

[*] --- nu_roi: 406869.29291214613 --- beta_roi: 400424.72412853077 --- gamma_roi: 6444.568783615373 --- sigma squared: 0.009796415291326327

[*] --- nu_roi: 249154.4739147489 --- beta_roi: 243508.49101743367 --- gamma_roi: 5645.982897315276 --- sigma squared: 0.007816090394289162

[*] --- nu_roi: 126422.81621476889 --- beta_roi: 121810.87824029251 --- gamma_roi: 4611.937974476399 --- sigma squared: 0.0059437227714984435

[*] --- nu_roi: 36601.201256860964 --- beta_roi: 33752.26904391709 --- gamma_roi: 2848.9322129438683 --- sigma squared: 0.004509528205055283
[*] --- Best theta : 0.95
[*] - Computing Validation result

[*] --- AUC validation : 0.8345223181789306 --- tes : 1.0
[*] --- nu_roi: 6065.662335387686 --- n_roi: 9573.226854305736 --- beta_roi: 4651.044300998418 --- gamma_roi: 1414.6180343892684
[*] --- mu: 1.0 --- mu_hat: 3.4795 --- delta_mu_hat: 2.4795

[*] --- AUC validation : 0.8345223181789306 --- tes : 1.09
[*] --- nu_roi: 6065.662335387686 --- n_roi: 9573.226854305736 --- beta_roi: 4651.044300998418 --- gamma_roi: 1414.6180343892684
[*] --- mu: 1.0 --- mu_hat: 3.4795 --- delta_mu_hat: 2.4795

[*] --- AUC validation : 0.8345223181789306 --- tes : 1.09
[*] --- nu_roi: 6065.662335387686 --- n_roi: 9573.226854305736 --- beta_roi: 4651.044300998418 --- gamma_roi: 1414.6180343892684
[*] --- mu: 1.0 --- mu_hat: 3.4795 --- delta_mu_hat: 2.4795

[*] --- AUC validation : 0.8345223181789306 --- tes : 0.95
[*] --- nu_roi: 6065.662335387686 --- n_roi: 9573.226854305736 --- beta_roi: 4651.044300998418 --- gamma_roi: 1414.6180343892684
[*] --- mu: 1.0 --- mu_hat: 3.4795 --- delta_mu_hat: 2.4795

[*] --- AUC validation : 0.8345223181789306 --- tes : 0.98
[*] --- nu_roi: 6065.662335387686 --- n_roi: 9573.226854305736 --- beta_roi: 4651.044300998418 --- gamma_roi: 1414.6180343892684
[*] --- mu: 1.0 --- mu_hat: 3.4795 --- delta_mu_hat: 2.4795

[*] --- AUC validation : 0.8345223181789306 --- tes : 1.1
[*] --- nu_roi: 6065.662335387686 --- n_roi: 9573.226854305736 --- beta_roi: 4651.044300998418 --- gamma_roi: 1414.6180343892684
[*] --- mu: 1.0 --- mu_hat: 3.4795 --- delta_mu_hat: 2.4795

[*] --- AUC validation : 0.8345223181789306 --- tes : 0.94
[*] --- nu_roi: 6065.662335387686 --- n_roi: 9573.226854305736 --- beta_roi: 4651.044300998418 --- gamma_roi: 1414.6180343892684
[*] --- mu: 1.0 --- mu_hat: 3.4795 --- delta_mu_hat: 2.4795

[*] --- AUC validation : 0.8345223181789306 --- tes : 0.93
[*] --- nu_roi: 6065.662335387686 --- n_roi: 9573.226854305736 --- beta_roi: 4651.044300998418 --- gamma_roi: 1414.6180343892684
[*] --- mu: 1.0 --- mu_hat: 3.4795 --- delta_mu_hat: 2.4795

[*] --- AUC validation : 0.8345223181789306 --- tes : 0.96
[*] --- nu_roi: 6065.662335387686 --- n_roi: 9573.226854305736 --- beta_roi: 4651.044300998418 --- gamma_roi: 1414.6180343892684
[*] --- mu: 1.0 --- mu_hat: 3.4795 --- delta_mu_hat: 2.4795

[*] --- AUC validation : 0.8345223181789306 --- tes : 0.94
[*] --- nu_roi: 6065.662335387686 --- n_roi: 9573.226854305736 --- beta_roi: 4651.044300998418 --- gamma_roi: 1414.6180343892684
[*] --- mu: 1.0 --- mu_hat: 3.4795 --- delta_mu_hat: 2.4795
[*] --- delta_mu_hat (avg): 2.4795
[*] Calling predict method of submitted model
[*] - Testing
[*] - Computing Test result

[*] --- AUC test : 0.8495073686295511
[*] --- signal: 1419.7276071681008 --- background: 5372.448095745967
[*] --- Significance : 17.226639742662478
[*] --- delta_mu_stat : 0.05804962633098196
[*] --- mu_hat: 1.5136

[*] --- AUC test : 0.853010504255366
[*] --- signal: 1401.5530377412988 --- background: 8018.010558472625
[*] --- Significance : 14.440896180167138
[*] --- delta_mu_stat : 0.06924777988317524
[*] --- mu_hat: 3.3709

[*] --- AUC test : 0.8551454012664738
[*] --- signal: 1388.251640616062 --- background: 7726.411456708435
[*] --- Significance : 14.541120891982896
[*] --- delta_mu_stat : 0.0687704893885684
[*] --- mu_hat: 3.1554

[*] --- AUC test : 0.8598110517393383
[*] --- signal: 1422.9888181112624 --- background: 2758.635281166799
[*] --- Significance : 22.005386071229594
[*] --- delta_mu_stat : 0.04544341993196954
[*] --- mu_hat: -0.3318

[*] --- AUC test : 0.8477672603336549
[*] --- signal: 1390.1705357367678 --- background: 6530.14186680214
[*] --- Significance : 15.620571661384984
[*] --- delta_mu_stat : 0.06401814361711625
[*] --- mu_hat: 2.3111

[*] --- AUC test : 0.8539558919090372
[*] --- signal: 1426.7413286574624 --- background: 4140.747642301422
[*] --- Significance : 19.121218269718508
[*] --- delta_mu_stat : 0.0522979229615123
[*] --- mu_hat: 0.6478

[*] --- AUC test : 0.851984876128463
[*] --- signal: 1363.0031158695688 --- background: 7640.015804125405
[*] --- Significance : 14.364905298859881
[*] --- delta_mu_stat : 0.06961410320466006
[*] --- mu_hat: 3.0764

[*] --- AUC test : 0.8625343328658223
[*] --- signal: 1390.4400617264528 --- background: 1320.1743233230186
[*] --- Significance : 26.70658776985056
[*] --- delta_mu_stat : 0.03744394486550296
[*] --- mu_hat: -1.3717

[*] --- AUC test : 0.8479048506988263
[*] --- signal: 1441.8575188183765 --- background: 10924.661517266653
[*] --- Significance : 12.965778894528114
[*] --- delta_mu_stat : 0.07712610311610552
[*] --- mu_hat: 5.4541

[*] --- AUC test : 0.8597863398564248
[*] --- signal: 1467.8914063010566 --- background: 3949.6560467528666
[*] --- Significance : 19.94309536094554
[*] --- delta_mu_stat : 0.05014266751982216
[*] --- mu_hat: 0.5418


[*] Saving result
[*] --- delta_mu_hat: 2.4795135037511145
[*] --- mu_hats (avg): 1.8367562141709304

---------------------------------
[✔] Total duration: 0:00:24.489335
---------------------------------

----------------------------------------------
[✔] Ingestions Program executed successfully!
----------------------------------------------


